2021-06-16 00:40:51.722 etl       (main                ) INFO     ----- Program started -----
2021-06-16 00:40:51.723 etl       (main                ) INFO     Transformation name --> sales-summary
2021-06-16 00:40:51.723 etl       (main                ) INFO     Source file --> input/sales-records.csv
2021-06-16 00:40:51.727 pipeline  (extract             ) INFO     Source file format --> csv
2021-06-16 00:40:51.732 pipeline  (extract             ) INFO     1000 records extracted
2021-06-16 00:40:51.750 pipeline  (run_preprocess_tasks) INFO     Task: data_completeness_check
2021-06-16 00:40:51.757 pipeline  (run_preprocess_tasks) INFO     Task: data_validations_check
2021-06-16 00:40:51.760 pipeline  (run_preprocess_tasks) INFO     Task: date_field_check
2021-06-16 00:40:51.783 pipeline  (run_preprocess_tasks) INFO     Task: float_field_check
2021-06-16 00:40:51.787 pipeline  (run_preprocess_tasks) INFO     Task: number_field_check
2021-06-16 00:40:52.144 pipeline  (transform           ) INFO     Output file --> output/sales-transformed.json
2021-06-16 00:40:52.481 etl       (main                ) INFO     ----- Program complete -----


2021-06-16 00:40:55.177 etl       (main                ) INFO     ----- Program started -----
2021-06-16 00:40:55.177 etl       (main                ) INFO     Transformation name --> sales-aggregate
2021-06-16 00:40:55.177 etl       (main                ) INFO     Source file --> input/sales-records.csv
2021-06-16 00:40:55.181 pipeline  (extract             ) INFO     Source file format --> csv
2021-06-16 00:40:55.185 pipeline  (extract             ) INFO     1000 records extracted
2021-06-16 00:40:55.206 pipeline  (run_preprocess_tasks) INFO     Task: data_completeness_check
2021-06-16 00:40:55.212 pipeline  (run_preprocess_tasks) INFO     Task: data_validations_check
2021-06-16 00:40:55.213 pipeline  (run_preprocess_tasks) INFO     Task: date_field_check
2021-06-16 00:40:55.233 pipeline  (run_preprocess_tasks) INFO     Task: float_field_check
2021-06-16 00:40:55.237 pipeline  (run_preprocess_tasks) INFO     Task: number_field_check
2021-06-16 00:40:55.543 pipeline  (transform           ) INFO     Output file --> output/sales-aggregate.json
2021-06-16 00:40:55.858 etl       (main                ) INFO     ----- Program complete -----


